0,
added 19 packages, and audited 20 packages in 734ms

found 0 vulnerabilities
,0,Project taq'ified!
,0,
> taqueria-scaffold-nft@1.0.0 setup
> npm run setup:taqueria && npm run setup:app


> taqueria-scaffold-nft@1.0.0 setup:taqueria
> cd ./taqueria && npm install && taq init

npm WARN EBADENGINE Unsupported engine {
npm WARN EBADENGINE   package: 'image-size@1.0.2',
npm WARN EBADENGINE   required: { node: '>=14.0.0' },
npm WARN EBADENGINE   current: { node: 'v12.22.4', npm: '8.18.0' }
npm WARN EBADENGINE }
npm WARN EBADENGINE Unsupported engine {
npm WARN EBADENGINE   package: 'ipfs-unixfs@4.0.3',
npm WARN EBADENGINE   required: { node: '>=14.0.0', npm: '>=7.0.0' },
npm WARN EBADENGINE   current: { node: 'v12.22.4', npm: '8.18.0' }
npm WARN EBADENGINE }
npm WARN EBADENGINE Unsupported engine {
npm WARN EBADENGINE   package: 'ipfs-unixfs-importer@7.0.3',
npm WARN EBADENGINE   required: { node: '>=14.0.0', npm: '>=7.0.0' },
npm WARN EBADENGINE   current: { node: 'v12.22.4', npm: '8.18.0' }
npm WARN EBADENGINE }
npm WARN EBADENGINE Unsupported engine {
npm WARN EBADENGINE   package: '@taqueria/plugin-taquito@0.16.0',
npm WARN EBADENGINE   required: { node: '>=16' },
npm WARN EBADENGINE   current: { node: 'v12.22.4', npm: '8.18.0' }
npm WARN EBADENGINE }
npm WARN deprecated stable@0.1.8: Modern JS already guarantees Array#sort() is a stable sort, so this library is deprecated. See the compatibility table on MDN: https://developer.mozilla.org/en-US/docs/Web/JavaScript/Reference/Global_Objects/Array/sort#browser_compatibility
npm WARN deprecated multibase@4.0.6: This module has been superseded by the multiformats module
npm WARN deprecated multicodec@3.2.1: This module has been superseded by the multiformats module
npm WARN deprecated interface-ipld-format@1.0.1: This module has been superseded by the multiformats module
npm WARN deprecated ipld-dag-pb@0.22.3: This module has been superseded by @ipld/dag-pb and multiformats
npm WARN deprecated cids@1.1.9: This module has been superseded by the multiformats module

added 276 packages, and audited 277 packages in 19s

23 packages are looking for funding
  run `npm fund` for details

found 0 vulnerabilities
Project taq'ified!

> taqueria-scaffold-nft@1.0.0 setup:app
> cd ./app && npm install

npm WARN EBADENGINE Unsupported engine {
npm WARN EBADENGINE   package: '@csstools/postcss-trigonometric-functions@1.0.1',
npm WARN EBADENGINE   required: { node: '^14 || >=16' },
npm WARN EBADENGINE   current: { node: 'v12.22.4', npm: '8.18.0' }
npm WARN EBADENGINE }
npm WARN EBADENGINE Unsupported engine {
npm WARN EBADENGINE   package: 'eslint-config-react-app@7.0.1',
npm WARN EBADENGINE   required: { node: '>=14.0.0' },
npm WARN EBADENGINE   current: { node: 'v12.22.4', npm: '8.18.0' }
npm WARN EBADENGINE }
npm WARN EBADENGINE Unsupported engine {
npm WARN EBADENGINE   package: 'react-app-polyfill@3.0.0',
npm WARN EBADENGINE   required: { node: '>=14' },
npm WARN EBADENGINE   current: { node: 'v12.22.4', npm: '8.18.0' }
npm WARN EBADENGINE }
npm WARN EBADENGINE Unsupported engine {
npm WARN EBADENGINE   package: 'react-dev-utils@12.0.1',
npm WARN EBADENGINE   required: { node: '>=14' },
npm WARN EBADENGINE   current: { node: 'v12.22.4', npm: '8.18.0' }
npm WARN EBADENGINE }
npm WARN EBADENGINE Unsupported engine {
npm WARN EBADENGINE   package: 'react-scripts@5.0.0',
npm WARN EBADENGINE   required: { node: '>=14.0.0' },
npm WARN EBADENGINE   current: { node: 'v12.22.4', npm: '8.18.0' }
npm WARN EBADENGINE }
npm WARN deprecated stable@0.1.8: Modern JS already guarantees Array#sort() is a stable sort, so this library is deprecated. See the compatibility table on MDN: https://developer.mozilla.org/en-US/docs/Web/JavaScript/Reference/Global_Objects/Array/sort#browser_compatibility
npm WARN deprecated source-map-resolve@0.6.0: See https://github.com/lydell/source-map-resolve#deprecated
npm WARN deprecated querystring@0.2.0: The querystring API is considered Legacy. new code should use the URLSearchParams API instead.
npm WARN deprecated svgo@1.3.2: This SVGO version is no longer supported. Upgrade to v2.x.x.

added 1405 packages, and audited 1406 packages in 8s

206 packages are looking for funding
  run `npm fund` for details

7 high severity vulnerabilities

To address issues that do not require attention, run:
  npm audit fix

To address all issues (including breaking changes), run:
  npm audit fix --force

Run `npm audit` for details.
,